GROUP,PACKAGE,CLASS,INSTRUCTION_MISSED,INSTRUCTION_COVERED,BRANCH_MISSED,BRANCH_COVERED,LINE_MISSED,LINE_COVERED,COMPLEXITY_MISSED,COMPLEXITY_COVERED,METHOD_MISSED,METHOD_COVERED
tp-4A-2020,com.esiea.tp4A.domain,MarsRoverTest,124,0,0,0,26,0,5,0,5,0
tp-4A-2020,com.esiea.tp4A.domain,Position,0,7,0,0,0,1,0,1,0,1
tp-4A-2020,com.esiea.tp4A.domain,MarsRoverImpl,84,102,19,14,21,24,17,9,2,6
tp-4A-2020,com.esiea.tp4A.domain,Position.FixedPosition,0,21,0,0,0,8,0,4,0,4
tp-4A-2020,com.esiea.tp4A.domain,MarsRover,11,0,0,0,4,0,4,0,4,0
tp-4A-2020,com.esiea.tp4A.domain,Direction,0,44,0,0,0,2,0,1,0,1
